Arguments: 
  /usr/local/Cellar/node/16.3.0/bin/node /usr/local/bin/yarn add es-lint --dev

PATH: 
  /usr/local/bin:/usr/bin:/bin:/usr/sbin:/sbin:/usr/local/go/bin:/Library/Apple/usr/bin

Yarn version: 
  1.22.19

Node version: 
  16.3.0

Platform: 
  darwin x64

Trace: 
  Error: https://registry.yarnpkg.com/es-lint: Not found
      at Request.params.callback [as _callback] (/usr/local/lib/node_modules/yarn/lib/cli.js:66145:18)
      at Request.self.callback (/usr/local/lib/node_modules/yarn/lib/cli.js:140890:22)
      at Request.emit (node:events:394:28)
      at Request.<anonymous> (/usr/local/lib/node_modules/yarn/lib/cli.js:141862:10)
      at Request.emit (node:events:394:28)
      at IncomingMessage.<anonymous> (/usr/local/lib/node_modules/yarn/lib/cli.js:141784:12)
      at Object.onceWrapper (node:events:513:28)
      at IncomingMessage.emit (node:events:406:35)
      at endReadableNT (node:internal/streams/readable:1329:12)
      at processTicksAndRejections (node:internal/process/task_queues:83:21)

npm manifest: 
  {
    "dependencies": {
      "react-router-dom": "^6.3.0"
    }
  }

yarn manifest: 
  No manifest

Lockfile: 
  # THIS IS AN AUTOGENERATED FILE. DO NOT EDIT THIS FILE DIRECTLY.
  # yarn lockfile v1
  
  
  "@babel/runtime@^7.7.6":
    "integrity" "sha512-lkqXDcvlFT5rvEjiu6+QYO+1GXrEHRo2LOtS7E4GtX5ESIZOgepqsZBVIj6Pv+a6zqsya9VCgiK1KAK4BvJDAw=="
    "resolved" "https://registry.npmjs.org/@babel/runtime/-/runtime-7.18.9.tgz"
    "version" "7.18.9"
    dependencies:
      "regenerator-runtime" "^0.13.4"
  
  "history@^5.2.0":
    "integrity" "sha512-ZqaKwjjrAYUYfLG+htGaIIZ4nioX2L70ZUMIFysS3xvBsSG4x/n1V6TXV3N8ZYNuFGlDirFg32T7B6WOUPDYcQ=="
    "resolved" "https://registry.npmjs.org/history/-/history-5.3.0.tgz"
    "version" "5.3.0"
    dependencies:
      "@babel/runtime" "^7.7.6"
  
  "react-router-dom@^6.3.0":
    "integrity" "sha512-uaJj7LKytRxZNQV8+RbzJWnJ8K2nPsOOEuX7aQstlMZKQT0164C+X2w6bnkqU3sjtLvpd5ojrezAyfZ1+0sStw=="
    "resolved" "https://registry.npmjs.org/react-router-dom/-/react-router-dom-6.3.0.tgz"
    "version" "6.3.0"
    dependencies:
      "history" "^5.2.0"
      "react-router" "6.3.0"
  
  "react-router@6.3.0":
    "integrity" "sha512-7Wh1DzVQ+tlFjkeo+ujvjSqSJmkt1+8JO+T5xklPlgrh70y7ogx75ODRW0ThWhY7S+6yEDks8TYrtQe/aoboBQ=="
    "resolved" "https://registry.npmjs.org/react-router/-/react-router-6.3.0.tgz"
    "version" "6.3.0"
    dependencies:
      "history" "^5.2.0"
  
  "regenerator-runtime@^0.13.4":
    "integrity" "sha512-p3VT+cOEgxFsRRA9X4lkI1E+k2/CtnKtU4gcxyaCUreilL/vqI6CdZ3wxVUx3UOUg+gnUOQQcRI7BmSI656MYA=="
    "resolved" "https://registry.npmjs.org/regenerator-runtime/-/regenerator-runtime-0.13.9.tgz"
    "version" "0.13.9"
